SetClip/app/build/outputs/logs/manifest-merger-debug-report.txt
-- Merging decision tree log ---
manifest
ADDED from src/main/AndroidManifest.xml:1:1-73:12
INJECTED from src/main/AndroidManifest.xml:1:1-73:12
INJECTED from src/main/AndroidManifest.xml:1:1-73:12
INJECTED from src/main/AndroidManifest.xml:1:1-73:12
INJECTED from src/main/AndroidManifest.xml:1:1-73:12
INJECTED from src/main/AndroidManifest.xml:1:1-73:12
INJECTED from src/main/AndroidManifest.xml:1:1-73:12
	package
		ADDED from src/main/AndroidManifest.xml:1:70-95
		INJECTED from src/main/AndroidManifest.xml
		INJECTED from src/main/AndroidManifest.xml
	android:versionName
		ADDED from src/main/AndroidManifest.xml:1:120-145
		INJECTED from src/main/AndroidManifest.xml
		INJECTED from src/main/AndroidManifest.xml
	xmlns:android
		ADDED from src/main/AndroidManifest.xml:1:11-69
	android:versionCode
		ADDED from src/main/AndroidManifest.xml:1:96-119
		INJECTED from src/main/AndroidManifest.xml
		INJECTED from src/main/AndroidManifest.xml
uses-permission#android.permission.WRITE_EXTERNAL_STORAGE
ADDED from src/main/AndroidManifest.xml:2:3-79
	android:name
		ADDED from src/main/AndroidManifest.xml:2:20-76
uses-permission#android.permission.GET_TASKS
ADDED from src/main/AndroidManifest.xml:3:3-66
	android:name
		ADDED from src/main/AndroidManifest.xml:3:20-63
uses-permission#android.permission.READ_CONTACTS
ADDED from src/main/AndroidManifest.xml:4:3-70
	android:name
		ADDED from src/main/AndroidManifest.xml:4:20-67
application
ADDED from src/main/AndroidManifest.xml:5:3-72:17
	android:label
		ADDED from src/main/AndroidManifest.xml:5:16-48
	android:icon
		ADDED from src/main/AndroidManifest.xml:6:16-52
	android:name
		ADDED from src/main/AndroidManifest.xml:7:16-48
service#com.bhj.setclip.PutClipService
ADDED from src/main/AndroidManifest.xml:8:5-9:15
	android:enabled
		ADDED from src/main/AndroidManifest.xml:8:69-91
	android:exported
		ADDED from src/main/AndroidManifest.xml:8:45-68
	android:name
		ADDED from src/main/AndroidManifest.xml:8:14-44
service#com.bhj.setclip.WrenchNotificationHelper
ADDED from src/main/AndroidManifest.xml:10:5-14:15
	android:enabled
		ADDED from src/main/AndroidManifest.xml:10:79-101
	android:exported
		ADDED from src/main/AndroidManifest.xml:10:55-78
	android:permission
		ADDED from src/main/AndroidManifest.xml:10:102-176
	android:name
		ADDED from src/main/AndroidManifest.xml:10:14-54
intent-filter#action:name:android.service.notification.NotificationListenerService
ADDED from src/main/AndroidManifest.xml:11:7-13:23
action#android.service.notification.NotificationListenerService
ADDED from src/main/AndroidManifest.xml:12:9-91
	android:name
		ADDED from src/main/AndroidManifest.xml:12:17-88
activity#com.bhj.setclip.MainActivity
ADDED from src/main/AndroidManifest.xml:15:5-65:16
	android:label
		ADDED from src/main/AndroidManifest.xml:15:44-87
	android:name
		ADDED from src/main/AndroidManifest.xml:15:15-43
intent-filter#action:name:android.intent.action.MAIN+category:name:android.intent.category.LAUNCHER
ADDED from src/main/AndroidManifest.xml:16:7-19:23
action#android.intent.action.MAIN
ADDED from src/main/AndroidManifest.xml:17:9-61
	android:name
		ADDED from src/main/AndroidManifest.xml:17:17-58
category#android.intent.category.LAUNCHER
ADDED from src/main/AndroidManifest.xml:18:9-69
	android:name
		ADDED from src/main/AndroidManifest.xml:18:19-66
intent-filter#action:name:android.intent.action.VIEW+category:name:android.intent.category.DEFAULT+data:mimeType:*/*+data:mimeType:application/msword+data:mimeType:application/octet-stream+data:mimeType:application/pdf+data:mimeType:application/vnd.mophun.application+data:mimeType:application/vnd.mpohun.certificate+data:mimeType:application/vnd.ms-excel+data:mimeType:application/vnd.ms-powerpoint+data:mimeType:application/vnd.ms-project+data:mimeType:application/vnd.openxmlformats-officedocument.presentationml.presentation+data:mimeType:application/vnd.openxmlformats-officedocument.presentationml.slideshow+data:mimeType:application/vnd.openxmlformats-officedocument.presentationml.template+data:mimeType:application/vnd.openxmlformats-officedocument.spreadsheetml.sheet+data:mimeType:application/vnd.openxmlformats-officedocument.spreadsheetml.template+data:mimeType:application/vnd.openxmlformats-officedocument.wordprocessingml.document+data:mimeType:application/vnd.openxmlformats-officedocument.wordprocessingml.template+data:mimeType:application/x-7z-compressed+data:mimeType:application/x-autocad+data:mimeType:application/x-gtar+data:mimeType:application/x-gzip+data:mimeType:application/x-ms-wmd+data:mimeType:application/x-ms-wmz+data:mimeType:application/x-msaccess+data:mimeType:application/x-mscardfile+data:mimeType:application/x-msclip+data:mimeType:application/x-msmediaview+data:mimeType:application/x-msmetafile+data:mimeType:application/x-msmoney+data:mimeType:application/x-mspublisher+data:mimeType:application/x-msschedule+data:mimeType:application/x-msterminal+data:mimeType:application/x-mswrite+data:mimeType:application/x-rar-compressed+data:mimeType:application/x-shockwave-flash+data:mimeType:application/x-tar+data:mimeType:application/zip+data:mimeType:audio/*+data:mimeType:image/*+data:mimeType:text/*+data:mimeType:video/*
ADDED from src/main/AndroidManifest.xml:20:7-63:23
	android:label
		ADDED from src/main/AndroidManifest.xml:20:22-38
action#android.intent.action.VIEW
ADDED from src/main/AndroidManifest.xml:21:2-54
	android:name
		ADDED from src/main/AndroidManifest.xml:21:10-51
category#android.intent.category.DEFAULT
ADDED from src/main/AndroidManifest.xml:22:2-61
	android:name
		ADDED from src/main/AndroidManifest.xml:22:12-58
data
ADDED from src/main/AndroidManifest.xml:23:2-37
	android:mimeType
		ADDED from src/main/AndroidManifest.xml:23:8-34
receiver#com.bhj.setclip.PowerConnectionReceiver
ADDED from src/main/AndroidManifest.xml:66:5-71:16
	android:name
		ADDED from src/main/AndroidManifest.xml:66:15-54
intent-filter#action:name:android.intent.action.ACTION_POWER_CONNECTED+action:name:android.intent.action.ACTION_POWER_DISCONNECTED
ADDED from src/main/AndroidManifest.xml:67:7-70:23
action#android.intent.action.ACTION_POWER_CONNECTED
ADDED from src/main/AndroidManifest.xml:68:9-78
	android:name
		ADDED from src/main/AndroidManifest.xml:68:17-76
action#android.intent.action.ACTION_POWER_DISCONNECTED
ADDED from src/main/AndroidManifest.xml:69:9-81
	android:name
		ADDED from src/main/AndroidManifest.xml:69:17-79